2025-09-01T10:11:08.422524 - ERROR - Configuration error: Macro template file not found: C:\Users\muraliba\PycharmProjects\PythonProject\S4c-Macros\CE_Tool.dotm
2025-09-01T10:13:28.873946 - ERROR - Configuration error: Macro template file not found: C:\Users\muraliba\PycharmProjects\PythonProject\S4c-Macros\CE_Tool.dotm
2025-09-01 10:13:47 - admin - LOGIN - 
2025-09-01T10:15:44.988732 - ERROR - Configuration error: Macro template file not found: C:\Users\muraliba\PycharmProjects\PythonProject\S4c-Macros\CE_Tool.dotm
2025-09-01 10:16:06 - admin - LOGIN - 
2025-09-01T10:20:56.054765 - ERROR - Configuration error: Macro template file not found: C:\Users\muraliba\PycharmProjects\PythonProject\S4c-Macros\CE_Tool.dotm
2025-09-01 10:21:08 - admin - LOGIN - 
2025-09-01 10:21:43 - admin - LOGOUT - 
2025-09-01 10:21:52 - admin - LOGIN - 
2025-09-01 10:24:17 - admin - LOGOUT - 
2025-09-01 10:24:26 - murali - LOGIN - 
2025-09-01T10:34:18.862238 - ERROR - Configuration error: Macro template file not found: C:\Users\muraliba\PycharmProjects\PythonProject\S4c-Macros\CE_Tool.dotm
2025-09-01 10:34:32 - murali - LOGIN - 
2025-09-01 10:45:48 - murali - LOGIN - 
2025-09-01 10:49:46 - murali - LOGIN - 
2025-09-01 11:00:54 - murali - LOGIN - 
2025-09-01 11:08:07 - murali - LOGIN - 
2025-09-01 11:45:24 - murali - LOGIN - 
2025-09-01 11:55:27 - murali - LOGIN - 
2025-09-01 11:56:12 - murali - LOGOUT - 
2025-09-01 11:56:21 - murali - LOGIN - 
2025-09-01 11:59:27 - murali - LOGIN - 
2025-09-01 12:04:19 - murali - MACRO_PROCESS_MACRO_PROCESSING - Goroll9781975212643-ch007.docx
2025-09-01 12:04:19 - murali - MACRO_PROCESS_MACRO_PROCESSING - Howley9781975221171-ch061.docx
2025-09-01 12:04:19 - murali - MACRO_PROCESS_MACRO_PROCESSING - Howley9781975221171-ch062.docx
2025-09-01 12:11:35 - murali - LOGIN - 
2025-09-01 12:18:48 - murali - LOGIN - 
2025-09-01 12:19:48 - murali - LOGIN - 
2025-09-01 12:26:02 - murali - LOGIN - 
2025-09-01 12:27:59 - murali - LOGIN - 
2025-09-01 12:29:19 - murali - LOGIN - 
2025-09-01 12:34:22 - murali - LOGIN - 
2025-09-01 12:37:34 - murali - LOGIN - 
2025-09-01 12:40:15 - murali - LOGIN - 
2025-09-01 12:56:26 - murali - LOGIN - 
2025-09-01 12:58:28 - murali - LOGOUT - 
2025-09-01 12:58:34 - admin - LOGIN - 
2025-09-01 13:08:02 - admin - LOGIN - 
2025-09-01 14:05:47 - murali - LOGIN - 
2025-09-01 14:07:21 - murali - LOGOUT - 
2025-09-01 15:05:25 - murali - LOGIN - 
2025-09-01 15:11:08 - murali - LOGIN - 
2025-09-01 15:11:33 - murali - MACRO_PROCESS_TECHNICAL - Howley9781975221171-ch061.docx
2025-09-01 15:13:08 - admin - LOGIN - 
2025-09-01 15:21:11 - murali - LOGIN - 
2025-09-01 15:21:18 - murali - LOGOUT - 
2025-09-01 15:21:26 - admin - LOGIN - 
2025-09-01 15:23:51 - admin - LOGIN - 
2025-09-01 15:26:16 - admin - LOGIN - 
2025-09-01 15:27:48 - admin - LOGIN - 
2025-09-01 15:28:54 - admin - LOGOUT - 
2025-09-01 15:30:24 - murali - LOGIN - 
2025-09-01 15:31:57 - admin - LOGIN - 
2025-09-01 15:32:54 - admin - LOGOUT - 
2025-09-01 15:32:59 - murali - LOGIN - 
2025-09-01 15:36:46 - murali - LOGIN - 
2025-09-01 15:37:19 - murali - LOGOUT - 
2025-09-01 15:37:36 - murali - LOGIN - 
2025-09-01 15:37:57 - murali - LOGOUT - 
2025-09-02T10:06:43.237717 - ERROR - Configuration error: Route 'doi_finder' has no macros defined
2025-09-02 10:07:05 - murali - LOGIN - 
2025-09-02T10:12:48.013769 - ERROR - Configuration error: Route 'doi_finder' has no macros defined
2025-09-02 10:12:58 - murali - LOGIN - 
2025-09-02 10:15:25 - admin - LOGIN - 
2025-09-02 10:16:14 - murali - LOGIN - 
2025-09-02 10:16:23 - murali - LOGOUT - 
2025-09-02 10:36:20 - murali - LOGIN - 
2025-09-02 10:43:46 - murali - LOGIN - 
2025-09-02 11:03:16 - murali - LOGIN - 
2025-09-02 11:04:08 - murali - LOGOUT - 
2025-09-02 11:26:24 - admin - LOGIN - 
2025-09-02 11:27:55 - admin - LOGOUT - 
2025-09-02 12:25:23 - murali - LOGIN - 
2025-09-02 12:28:46 - murali - LOGOUT - 
2025-09-02 12:29:12 - admin - LOGIN - 
2025-09-02 12:29:16 - admin - LOGOUT - 
2025-09-02 12:29:20 - murali - LOGIN - 
2025-09-02 12:29:27 - murali - LOGOUT - 
2025-09-02 12:44:31 - murali - LOGIN - 
2025-09-02 12:48:17 - murali - LOGOUT - 
2025-09-09 14:30:18 - sangeetha - LOGIN - 
2025-09-09 14:31:33 - anbarasank - LOGIN - 
2025-09-09 14:46:17 - admin - LOGIN - 
2025-09-09 14:46:33 - admin - LOGOUT - 
2025-09-17 15:01:33 - murali - LOGIN - 
2025-09-17T15:23:44.463673 - ERROR - Failed to load PPD macro names: name 'ppd' is not defined
2025-09-17 15:23:52 - murali - LOGIN - 
2025-09-17 15:24:16 - murali - LOGOUT - 
2025-09-17 15:28:00 - murali - LOGIN - 
2025-09-17 15:28:04 - murali - LOGOUT - 
2025-09-17T15:28:22.597489 - ERROR - Failed to load PPD macro names: name 'ppd' is not defined
2025-09-17 15:28:37 - murali - LOGIN - 
2025-09-17 15:28:56 - murali - LOGOUT - 
2025-09-17 15:31:47 - murali - LOGIN - 
2025-09-17T15:32:06.460128 - ERROR - Failed to load PPD macro names: name 'ppd' is not defined
2025-09-17 15:32:16 - murali - LOGIN - 
2025-09-17 15:33:11 - murali - LOGOUT - 
2025-09-17T15:41:49.283378 - ERROR - Failed to load PPD macro names: name 'ppd' is not defined
2025-09-17 15:41:57 - murali - LOGIN - 
2025-09-17T15:48:29.604727 - ERROR - Failed to load PPD macro names: name 'ppd' is not defined
2025-09-17 15:48:45 - murali - LOGIN - 
2025-09-17 16:02:26 - murali - LOGIN - 
2025-09-17 16:03:37 - murali - LOGOUT - 
2025-09-17 16:06:21 - murali - LOGIN - 
2025-09-17T16:14:07.079714 - ERROR - Failed to load PPD macro names: name 'ppd' is not defined
2025-09-17 16:14:16 - murali - LOGIN - 
2025-09-17 16:25:27 - murali - LOGIN - 
2025-09-17 16:27:04 - murali - LOGIN - 
2025-09-17T16:34:48.131084 - ERROR - Failed to load PPD macro names: name 'ppd' is not defined
2025-09-17 16:37:12 - murali - LOGIN - 
2025-09-17 16:37:55 - murali - MACRO_PROCESS_TECHNICAL - Chapter_15.docx
2025-09-17 16:41:52 - murali - LOGIN - 
2025-09-17 16:42:50 - murali - MACRO_PROCESS_PPD - Chapter_15.docx
2025-09-17 16:45:55 - murali - LOGOUT - 
2025-09-17 16:52:21 - murali - LOGIN - 
2025-09-17 16:53:54 - murali - LOGIN - 
2025-09-17 16:54:58 - murali - MACRO_PROCESS_PPD - Chapter_15.docx
2025-09-17 16:56:04 - murali - LOGIN - 
2025-09-17 16:57:01 - murali - MACRO_PROCESS_PPD - Chapter_15.docx
2025-09-17T16:57:01.852416 - ERROR - HTML to Excel conversion failed for C:\Users\muraliba\Documents\S4C-Processed-Documents\f44161a8f628498c901f31ccc7f043cd\Chapter_15_Report_2025-09-17_16-57-01.html: name 'chardet' is not defined
2025-09-17 16:57:33 - murali - LOGOUT - 
2025-09-18 08:46:11 - murali - LOGIN - 
2025-09-18 08:47:21 - murali - MACRO_PROCESS_PPD - 9781284303148_CH23.docx
2025-09-18T08:47:21.477506 - ERROR - HTML to Excel conversion failed for C:\Users\muraliba\Documents\S4C-Processed-Documents\0929bc5e2bce4502ac2971eaf07ddea7\9781284303148_CH23_Report_2025-09-18_08-47-20.html: name 'chardet' is not defined
2025-09-18 08:53:17 - murali - LOGIN - 
2025-09-18 08:53:51 - murali - MACRO_PROCESS_PPD - ABM_16961.docx
2025-09-18T08:53:51.734230 - ERROR - HTML to Excel conversion failed for C:\Users\muraliba\Documents\S4C-Processed-Documents\db8461ce0a5643a388d62d75a76f91ce\ABM_16961_Report_2025-09-18_08-53-51.html: name 'chardet' is not defined
2025-09-18 08:58:00 - murali - LOGIN - 
2025-09-18 08:59:32 - murali - MACRO_PROCESS_PPD - ABM_16961.docx
2025-09-18 09:03:43 - murali - LOGIN - 
2025-09-18 09:04:24 - murali - MACRO_PROCESS_PPD - ABM_16961.docx
2025-09-18 09:12:53 - murali - LOGIN - 
2025-09-18 09:13:19 - murali - MACRO_PROCESS_PPD - ABM_16961.docx
2025-09-18 09:15:15 - murali - LOGIN - 
2025-09-18 09:15:34 - murali - MACRO_PROCESS_PPD - ABM_16961.docx
2025-09-18T09:15:34.827723 - ERROR - HTML to Excel conversion failed: [WinError 3] The system cannot find the path specified: 'C:\\Users\\muraliba\\Documents\\S4C-Processed-Documents\\4360a915219b44088c7925bb25d1de0f'
2025-09-18T09:15:34.831574 - ERROR - File not found: C:\Users\muraliba\Documents\S4C-Processed-Documents\4360a915219b44088c7925bb25d1de0f\ABM_16961.docx
2025-09-18T09:15:34.831592 - ERROR - HTML to Excel conversion failed: [WinError 3] The system cannot find the path specified: 'C:\\Users\\muraliba\\Documents\\S4C-Processed-Documents\\4360a915219b44088c7925bb25d1de0f'
2025-09-18 09:21:01 - murali - LOGIN - 
2025-09-18 09:21:39 - murali - MACRO_PROCESS_PPD - ABM_16961.docx
2025-09-18T09:25:52.368464 - ERROR - Failed to load PPD macro names: name 'ppd' is not defined
2025-09-18 09:26:02 - admin - LOGIN - 
2025-09-18 09:34:06 - admin - LOGIN - 
2025-09-18 09:51:20 - murali - LOGIN - 
2025-09-18 09:51:29 - murali - LOGOUT - 
2025-09-18 09:51:36 - admin - LOGIN - 
2025-09-18 10:03:35 - admin - LOGIN - 
2025-09-18 10:08:42 - admin - LOGIN - 
2025-09-18 10:13:08 - admin - LOGIN - 
2025-09-18 10:13:45 - admin - CHANGE_ROLE - user:murali -> COPYEDIT
2025-09-18 10:13:48 - admin - CHANGE_ROLE - user:sangeetha -> COPYEDIT
2025-09-18 10:13:51 - admin - CHANGE_ROLE - user:anbarasank -> COPYEDIT
2025-09-18 10:15:12 - admin - LOGOUT - 
2025-09-18 10:15:20 - Anbua - LOGIN - 
2025-09-18 10:15:32 - Anbua - LOGOUT - 
2025-09-18 10:18:50 - Anbua - LOGIN - 
2025-09-18 10:20:45 - Anbua - LOGIN - 
2025-09-18 10:21:01 - Anbua - LOGOUT - 
2025-09-18 10:21:10 - murali - LOGIN - 
2025-09-18 10:21:23 - murali - LOGOUT - 
2025-09-18 10:21:28 - admin - LOGIN - 
2025-09-18 10:26:32 - admin - LOGIN - 
2025-09-18 10:34:21 - admin - LOGIN - 
2025-09-18 10:36:50 - admin - LOGIN - 
2025-09-18 10:37:45 - admin - LOGIN - 
2025-09-18 10:41:59 - admin - LOGOUT - 
2025-09-18 10:47:05 - admin - LOGIN - 
2025-09-18 10:47:20 - admin - DELETE_USER - user_id:5
2025-09-18 10:48:22 - admin - LOGOUT - 
2025-09-18 10:50:14 - admin - LOGIN - 
2025-09-18 10:51:13 - admin - LOGOUT - 
2025-09-18 10:54:13 - admin - LOGIN - 
2025-09-18 10:56:07 - admin - LOGIN - 
2025-09-18 10:59:06 - admin - LOGIN - 
2025-09-18 12:16:17 - murali - LOGIN - 
2025-09-18 12:44:26 - murali - LOGOUT - 
2025-09-18 12:44:37 - murali - LOGIN - 
2025-09-18 12:44:51 - murali - LOGOUT - 
2025-09-19 14:30:31 - murali - LOGIN - 
2025-09-19 14:31:27 - murali - LOGOUT - 
2025-09-19 14:32:08 - admin - LOGIN - 
2025-09-19 14:32:28 - admin - LOGOUT - 
2025-09-19 14:32:45 - gowri - LOGIN - 
2025-09-19 14:33:30 - gowri - LOGOUT - 
